Copyright 1986-2016 Xilinx, Inc. All Rights Reserved.
------------------------------------------------------------------------------------
| Tool Version : Vivado v.2016.4 (win64) Build 1733598 Wed Dec 14 22:35:39 MST 2016
| Date         : Sun May 19 12:37:32 2019
| Host         : IB712-PC04 running 64-bit major release  (build 9200)
| Command      : report_drc -file system_wrapper_drc_opted.rpt
| Design       : system_wrapper
| Device       : xc7z020clg484-1
| Speed File   : -1
| Design State : Synthesized
------------------------------------------------------------------------------------

Report DRC

Table of Contents
-----------------
1. REPORT SUMMARY
2. REPORT DETAILS

1. REPORT SUMMARY
-----------------
            Netlist: netlist
          Floorplan: design_1
      Design limits: <entire design considered>
           Ruledeck: default
             Max violations: <unlimited>
             Violations found: 1
+--------+----------+------------------------------------------------+------------+
| Rule   | Severity | Description                                    | Violations |
+--------+----------+------------------------------------------------+------------+
| PLIO-3 | Warning  | Placement Constraints Check for IO constraints | 1          |
+--------+----------+------------------------------------------------+------------+

2. REPORT DETAILS
-----------------
PLIO-3#1 Warning
Placement Constraints Check for IO constraints  
Partially locked IO Bus is found. Following components of the IO Bus BUTTON[7:0] are not locked:  BUTTON[6] BUTTON[1] BUTTON[0]
Related violations: <none>


