#-----------------------------------------------------------
# Vivado v2016.4 (64-bit)
# SW Build 1733598 on Wed Dec 14 22:35:39 MST 2016
# IP Build 1731160 on Wed Dec 14 23:47:21 MST 2016
# Start of session at: Sun May 26 12:04:37 2019
# Process ID: 13012
# Current directory: E:/M10702114/ntust_HSCodesign_et5342701/fpga/barrage_game
# Command line: vivado.exe -gui_launcher_event rodinguilauncherevent876 E:\M10702114\ntust_HSCodesign_et5342701\fpga\barrage_game\barrage_game.xpr
# Log file: E:/M10702114/ntust_HSCodesign_et5342701/fpga/barrage_game/vivado.log
# Journal file: E:/M10702114/ntust_HSCodesign_et5342701/fpga/barrage_game\vivado.jou
#-----------------------------------------------------------
start_gui
open_project E:/M10702114/ntust_HSCodesign_et5342701/fpga/barrage_game/barrage_game.xpr
Scanning sources...
Finished scanning sources
INFO: [IP_Flow 19-234] Refreshing IP repositories
INFO: [IP_Flow 19-1700] Loaded user IP repository 'e:/M10702114/ntust_HSCodesign_et5342701/fpga/ip_repo/controlanddisplayIP_1.0'.
INFO: [IP_Flow 19-2313] Loaded Vivado IP repository 'C:/Xilinx/Vivado/2016.4/data/ip'.
open_project: Time (s): cpu = 00:00:09 ; elapsed = 00:00:08 . Memory (MB): peak = 817.012 ; gain = 184.934
exit
INFO: [Common 17-206] Exiting Vivado at Sun May 26 12:05:09 2019...
