14:31:19 INFO  : Registering command handlers for SDK TCF services
14:31:19 INFO  : Launching XSCT server: xsct.bat -interactive E:\M10702114\ntust_HSCodesign_et5342701\fpga\barrage_game\barrage_game.sdk\temp_xsdb_launch_script.tcl
14:31:20 INFO  : XSCT server has started successfully.
14:31:21 INFO  : Successfully done setting XSCT server connection channel  
14:31:21 INFO  : Processing command line option -hwspec E:/M10702114/ntust_HSCodesign_et5342701/fpga/barrage_game/barrage_game.sdk/system_wrapper.hdf.
14:31:21 INFO  : Successfully done setting SDK workspace  
14:33:21 INFO  : Connected to target on host '127.0.0.1' and port '3121'.
14:33:25 INFO  : 'targets -set -filter {jtag_cable_name =~ "Digilent Zed 210248525235" && level==0} -index 1' command is executed.
14:33:27 INFO  : FPGA configured successfully with bitstream "E:/M10702114/ntust_HSCodesign_et5342701/fpga/barrage_game/barrage_game.sdk/system_wrapper_hw_platform_0/system_wrapper.bit"
14:33:38 INFO  : 'targets -set -filter {jtag_cable_name =~ "Digilent Zed 210248525235" && level==0} -index 1' command is executed.
14:33:38 INFO  : 'fpga -state' command is executed.
14:33:38 INFO  : Connected to target on host '127.0.0.1' and port '3121'.
14:33:38 INFO  : Jtag cable 'Digilent Zed 210248525235' is selected.
14:33:38 INFO  : 'jtag frequency' command is executed.
14:33:38 INFO  : Sourcing of 'E:/M10702114/ntust_HSCodesign_et5342701/fpga/barrage_game/barrage_game.sdk/system_wrapper_hw_platform_0/ps7_init.tcl' is done.
14:33:38 INFO  : Context for 'APU' is selected.
14:33:38 INFO  : Hardware design information is loaded from 'E:/M10702114/ntust_HSCodesign_et5342701/fpga/barrage_game/barrage_game.sdk/system_wrapper_hw_platform_0/system.hdf'.
14:33:38 INFO  : Context for 'APU' is selected.
14:33:38 INFO  : 'stop' command is executed.
14:33:38 INFO  : 'ps7_init' command is executed.
14:33:38 INFO  : 'ps7_post_config' command is executed.
14:33:38 INFO  : Context for processor 'ps7_cortexa9_0' is selected.
14:33:38 INFO  : Processor reset is completed for 'ps7_cortexa9_0'.
14:33:38 INFO  : Context for processor 'ps7_cortexa9_0' is selected.
14:33:39 INFO  : The application 'E:/M10702114/ntust_HSCodesign_et5342701/fpga/barrage_game/barrage_game.sdk/Control_test/Debug/Control_test.elf' is downloaded to processor 'ps7_cortexa9_0'.
14:33:39 INFO  : ----------------XSDB Script----------------
connect -url tcp:127.0.0.1:3121
source E:/M10702114/ntust_HSCodesign_et5342701/fpga/barrage_game/barrage_game.sdk/system_wrapper_hw_platform_0/ps7_init.tcl
targets -set -nocase -filter {name =~"APU*" && jtag_cable_name =~ "Digilent Zed 210248525235"} -index 0
loadhw E:/M10702114/ntust_HSCodesign_et5342701/fpga/barrage_game/barrage_game.sdk/system_wrapper_hw_platform_0/system.hdf
targets -set -nocase -filter {name =~"APU*" && jtag_cable_name =~ "Digilent Zed 210248525235"} -index 0
stop
ps7_init
ps7_post_config
targets -set -nocase -filter {name =~ "ARM*#0" && jtag_cable_name =~ "Digilent Zed 210248525235"} -index 0
rst -processor
targets -set -nocase -filter {name =~ "ARM*#0" && jtag_cable_name =~ "Digilent Zed 210248525235"} -index 0
dow E:/M10702114/ntust_HSCodesign_et5342701/fpga/barrage_game/barrage_game.sdk/Control_test/Debug/Control_test.elf
----------------End of Script----------------

14:33:39 INFO  : Memory regions updated for context APU
14:33:39 INFO  : Context for processor 'ps7_cortexa9_0' is selected.
14:33:39 INFO  : 'con' command is executed.
14:33:39 INFO  : ----------------XSDB Script (After Launch)----------------
targets -set -nocase -filter {name =~ "ARM*#0" && jtag_cable_name =~ "Digilent Zed 210248525235"} -index 0
con
----------------End of Script----------------

14:33:39 INFO  : Launch script is exported to file 'E:\M10702114\ntust_HSCodesign_et5342701\fpga\barrage_game\barrage_game.sdk\.sdk\launch_scripts\xilinx_c-c++_application_(system_debugger)\system_debugger_using_debug_control_test.elf_on_local.tcl'
14:33:53 INFO  : Connected to target on host '127.0.0.1' and port '3121'.
14:33:53 INFO  : 'targets -set -filter {jtag_cable_name =~ "Digilent Zed 210248525235" && level==0} -index 1' command is executed.
14:33:56 INFO  : FPGA configured successfully with bitstream "E:/M10702114/ntust_HSCodesign_et5342701/fpga/barrage_game/barrage_game.sdk/system_wrapper_hw_platform_0/system_wrapper.bit"
14:33:59 INFO  : Disconnected from the channel tcfchan#1.
14:34:00 INFO  : 'targets -set -filter {jtag_cable_name =~ "Digilent Zed 210248525235" && level==0} -index 1' command is executed.
14:34:00 INFO  : 'fpga -state' command is executed.
14:34:00 INFO  : Connected to target on host '127.0.0.1' and port '3121'.
14:34:00 INFO  : Jtag cable 'Digilent Zed 210248525235' is selected.
14:34:00 INFO  : 'jtag frequency' command is executed.
14:34:00 INFO  : Sourcing of 'E:/M10702114/ntust_HSCodesign_et5342701/fpga/barrage_game/barrage_game.sdk/system_wrapper_hw_platform_0/ps7_init.tcl' is done.
14:34:00 INFO  : Context for 'APU' is selected.
14:34:01 INFO  : Hardware design information is loaded from 'E:/M10702114/ntust_HSCodesign_et5342701/fpga/barrage_game/barrage_game.sdk/system_wrapper_hw_platform_0/system.hdf'.
14:34:01 INFO  : Context for 'APU' is selected.
14:34:01 INFO  : 'stop' command is executed.
14:34:02 INFO  : 'ps7_init' command is executed.
14:34:02 INFO  : 'ps7_post_config' command is executed.
14:34:02 INFO  : Context for processor 'ps7_cortexa9_0' is selected.
14:34:02 INFO  : Processor reset is completed for 'ps7_cortexa9_0'.
14:34:02 INFO  : Context for processor 'ps7_cortexa9_0' is selected.
14:34:02 INFO  : The application 'E:/M10702114/ntust_HSCodesign_et5342701/fpga/barrage_game/barrage_game.sdk/Control_test/Debug/Control_test.elf' is downloaded to processor 'ps7_cortexa9_0'.
14:34:02 INFO  : ----------------XSDB Script----------------
connect -url tcp:127.0.0.1:3121
source E:/M10702114/ntust_HSCodesign_et5342701/fpga/barrage_game/barrage_game.sdk/system_wrapper_hw_platform_0/ps7_init.tcl
targets -set -nocase -filter {name =~"APU*" && jtag_cable_name =~ "Digilent Zed 210248525235"} -index 0
loadhw E:/M10702114/ntust_HSCodesign_et5342701/fpga/barrage_game/barrage_game.sdk/system_wrapper_hw_platform_0/system.hdf
targets -set -nocase -filter {name =~"APU*" && jtag_cable_name =~ "Digilent Zed 210248525235"} -index 0
stop
ps7_init
ps7_post_config
targets -set -nocase -filter {name =~ "ARM*#0" && jtag_cable_name =~ "Digilent Zed 210248525235"} -index 0
rst -processor
targets -set -nocase -filter {name =~ "ARM*#0" && jtag_cable_name =~ "Digilent Zed 210248525235"} -index 0
dow E:/M10702114/ntust_HSCodesign_et5342701/fpga/barrage_game/barrage_game.sdk/Control_test/Debug/Control_test.elf
----------------End of Script----------------

14:34:02 INFO  : Memory regions updated for context APU
14:34:02 INFO  : Context for processor 'ps7_cortexa9_0' is selected.
14:34:02 INFO  : 'con' command is executed.
14:34:02 INFO  : ----------------XSDB Script (After Launch)----------------
targets -set -nocase -filter {name =~ "ARM*#0" && jtag_cable_name =~ "Digilent Zed 210248525235"} -index 0
con
----------------End of Script----------------

14:34:02 INFO  : Launch script is exported to file 'E:\M10702114\ntust_HSCodesign_et5342701\fpga\barrage_game\barrage_game.sdk\.sdk\launch_scripts\xilinx_c-c++_application_(system_debugger)\system_debugger_using_debug_control_test.elf_on_local.tcl'
14:34:20 INFO  : Connected to target on host '127.0.0.1' and port '3121'.
14:34:20 INFO  : 'targets -set -filter {jtag_cable_name =~ "Digilent Zed 210248525235" && level==0} -index 1' command is executed.
14:34:23 INFO  : FPGA configured successfully with bitstream "E:/M10702114/ntust_HSCodesign_et5342701/fpga/barrage_game/barrage_game.sdk/system_wrapper_hw_platform_0/system_wrapper.bit"
14:35:36 INFO  : Disconnected from the channel tcfchan#2.
14:35:37 INFO  : 'targets -set -filter {jtag_cable_name =~ "Digilent Zed 210248525235" && level==0} -index 1' command is executed.
14:35:37 INFO  : 'fpga -state' command is executed.
14:35:37 INFO  : Connected to target on host '127.0.0.1' and port '3121'.
14:35:37 INFO  : Jtag cable 'Digilent Zed 210248525235' is selected.
14:35:37 INFO  : 'jtag frequency' command is executed.
14:35:37 INFO  : Sourcing of 'E:/M10702114/ntust_HSCodesign_et5342701/fpga/barrage_game/barrage_game.sdk/system_wrapper_hw_platform_0/ps7_init.tcl' is done.
14:35:37 INFO  : Context for 'APU' is selected.
14:35:39 INFO  : Hardware design information is loaded from 'E:/M10702114/ntust_HSCodesign_et5342701/fpga/barrage_game/barrage_game.sdk/system_wrapper_hw_platform_0/system.hdf'.
14:35:39 INFO  : Context for 'APU' is selected.
14:35:39 INFO  : 'stop' command is executed.
14:35:39 INFO  : 'ps7_init' command is executed.
14:35:39 INFO  : 'ps7_post_config' command is executed.
14:35:39 INFO  : Context for processor 'ps7_cortexa9_0' is selected.
14:35:39 INFO  : Processor reset is completed for 'ps7_cortexa9_0'.
14:35:39 INFO  : Context for processor 'ps7_cortexa9_0' is selected.
14:35:39 INFO  : The application 'E:/M10702114/ntust_HSCodesign_et5342701/fpga/barrage_game/barrage_game.sdk/Control_test/Debug/Control_test.elf' is downloaded to processor 'ps7_cortexa9_0'.
14:35:39 INFO  : ----------------XSDB Script----------------
connect -url tcp:127.0.0.1:3121
source E:/M10702114/ntust_HSCodesign_et5342701/fpga/barrage_game/barrage_game.sdk/system_wrapper_hw_platform_0/ps7_init.tcl
targets -set -nocase -filter {name =~"APU*" && jtag_cable_name =~ "Digilent Zed 210248525235"} -index 0
loadhw E:/M10702114/ntust_HSCodesign_et5342701/fpga/barrage_game/barrage_game.sdk/system_wrapper_hw_platform_0/system.hdf
targets -set -nocase -filter {name =~"APU*" && jtag_cable_name =~ "Digilent Zed 210248525235"} -index 0
stop
ps7_init
ps7_post_config
targets -set -nocase -filter {name =~ "ARM*#0" && jtag_cable_name =~ "Digilent Zed 210248525235"} -index 0
rst -processor
targets -set -nocase -filter {name =~ "ARM*#0" && jtag_cable_name =~ "Digilent Zed 210248525235"} -index 0
dow E:/M10702114/ntust_HSCodesign_et5342701/fpga/barrage_game/barrage_game.sdk/Control_test/Debug/Control_test.elf
----------------End of Script----------------

14:35:40 INFO  : Memory regions updated for context APU
14:35:40 INFO  : Context for processor 'ps7_cortexa9_0' is selected.
14:35:40 INFO  : 'con' command is executed.
14:35:40 INFO  : ----------------XSDB Script (After Launch)----------------
targets -set -nocase -filter {name =~ "ARM*#0" && jtag_cable_name =~ "Digilent Zed 210248525235"} -index 0
con
----------------End of Script----------------

14:35:40 INFO  : Launch script is exported to file 'E:\M10702114\ntust_HSCodesign_et5342701\fpga\barrage_game\barrage_game.sdk\.sdk\launch_scripts\xilinx_c-c++_application_(system_debugger)\system_debugger_using_debug_control_test.elf_on_local.tcl'
14:36:00 INFO  : Refreshed build settings on project Control_test
14:36:24 INFO  : Disconnected from the channel tcfchan#3.
14:36:26 INFO  : 'targets -set -filter {jtag_cable_name =~ "Digilent Zed 210248525235" && level==0} -index 1' command is executed.
14:36:26 INFO  : 'fpga -state' command is executed.
14:36:26 INFO  : Connected to target on host '127.0.0.1' and port '3121'.
14:36:26 INFO  : Jtag cable 'Digilent Zed 210248525235' is selected.
14:36:26 INFO  : 'jtag frequency' command is executed.
14:36:26 INFO  : Sourcing of 'E:/M10702114/ntust_HSCodesign_et5342701/fpga/barrage_game/barrage_game.sdk/system_wrapper_hw_platform_0/ps7_init.tcl' is done.
14:36:26 INFO  : Context for 'APU' is selected.
14:36:27 INFO  : Hardware design information is loaded from 'E:/M10702114/ntust_HSCodesign_et5342701/fpga/barrage_game/barrage_game.sdk/system_wrapper_hw_platform_0/system.hdf'.
14:36:27 INFO  : Context for 'APU' is selected.
14:36:27 INFO  : 'stop' command is executed.
14:36:28 INFO  : 'ps7_init' command is executed.
14:36:28 INFO  : 'ps7_post_config' command is executed.
14:36:28 INFO  : Context for processor 'ps7_cortexa9_0' is selected.
14:36:28 INFO  : Processor reset is completed for 'ps7_cortexa9_0'.
14:36:28 INFO  : Context for processor 'ps7_cortexa9_0' is selected.
14:36:28 INFO  : The application 'E:/M10702114/ntust_HSCodesign_et5342701/fpga/barrage_game/barrage_game.sdk/Control_test/Debug/Control_test.elf' is downloaded to processor 'ps7_cortexa9_0'.
14:36:28 INFO  : ----------------XSDB Script----------------
connect -url tcp:127.0.0.1:3121
source E:/M10702114/ntust_HSCodesign_et5342701/fpga/barrage_game/barrage_game.sdk/system_wrapper_hw_platform_0/ps7_init.tcl
targets -set -nocase -filter {name =~"APU*" && jtag_cable_name =~ "Digilent Zed 210248525235"} -index 0
loadhw E:/M10702114/ntust_HSCodesign_et5342701/fpga/barrage_game/barrage_game.sdk/system_wrapper_hw_platform_0/system.hdf
targets -set -nocase -filter {name =~"APU*" && jtag_cable_name =~ "Digilent Zed 210248525235"} -index 0
stop
ps7_init
ps7_post_config
targets -set -nocase -filter {name =~ "ARM*#0" && jtag_cable_name =~ "Digilent Zed 210248525235"} -index 0
rst -processor
targets -set -nocase -filter {name =~ "ARM*#0" && jtag_cable_name =~ "Digilent Zed 210248525235"} -index 0
dow E:/M10702114/ntust_HSCodesign_et5342701/fpga/barrage_game/barrage_game.sdk/Control_test/Debug/Control_test.elf
----------------End of Script----------------

14:36:28 INFO  : Memory regions updated for context APU
14:36:28 INFO  : Context for processor 'ps7_cortexa9_0' is selected.
14:36:28 INFO  : 'con' command is executed.
14:36:28 INFO  : ----------------XSDB Script (After Launch)----------------
targets -set -nocase -filter {name =~ "ARM*#0" && jtag_cable_name =~ "Digilent Zed 210248525235"} -index 0
con
----------------End of Script----------------

14:36:28 INFO  : Launch script is exported to file 'E:\M10702114\ntust_HSCodesign_et5342701\fpga\barrage_game\barrage_game.sdk\.sdk\launch_scripts\xilinx_c-c++_application_(system_debugger)\system_debugger_using_debug_control_test.elf_on_local.tcl'
14:40:08 INFO  : Connected to target on host '127.0.0.1' and port '3121'.
14:40:08 INFO  : 'targets -set -filter {jtag_cable_name =~ "Digilent Zed 210248525235" && level==0} -index 1' command is executed.
14:40:11 INFO  : FPGA configured successfully with bitstream "E:/M10702114/ntust_HSCodesign_et5342701/fpga/barrage_game/barrage_game.sdk/system_wrapper_hw_platform_0/system_wrapper.bit"
14:40:26 INFO  : Disconnected from the channel tcfchan#4.
14:40:27 INFO  : 'targets -set -filter {jtag_cable_name =~ "Digilent Zed 210248525235" && level==0} -index 1' command is executed.
14:40:27 INFO  : 'fpga -state' command is executed.
14:40:27 INFO  : Connected to target on host '127.0.0.1' and port '3121'.
14:40:27 INFO  : Jtag cable 'Digilent Zed 210248525235' is selected.
14:40:27 INFO  : 'jtag frequency' command is executed.
14:40:27 INFO  : Sourcing of 'E:/M10702114/ntust_HSCodesign_et5342701/fpga/barrage_game/barrage_game.sdk/system_wrapper_hw_platform_0/ps7_init.tcl' is done.
14:40:27 INFO  : Context for 'APU' is selected.
14:40:29 INFO  : Hardware design information is loaded from 'E:/M10702114/ntust_HSCodesign_et5342701/fpga/barrage_game/barrage_game.sdk/system_wrapper_hw_platform_0/system.hdf'.
14:40:29 INFO  : Context for 'APU' is selected.
14:40:29 INFO  : 'stop' command is executed.
14:40:29 INFO  : 'ps7_init' command is executed.
14:40:29 INFO  : 'ps7_post_config' command is executed.
14:40:29 INFO  : Context for processor 'ps7_cortexa9_0' is selected.
14:40:29 INFO  : Processor reset is completed for 'ps7_cortexa9_0'.
14:40:29 INFO  : Context for processor 'ps7_cortexa9_0' is selected.
14:40:29 INFO  : The application 'E:/M10702114/ntust_HSCodesign_et5342701/fpga/barrage_game/barrage_game.sdk/Control_test/Debug/Control_test.elf' is downloaded to processor 'ps7_cortexa9_0'.
14:40:29 INFO  : ----------------XSDB Script----------------
connect -url tcp:127.0.0.1:3121
source E:/M10702114/ntust_HSCodesign_et5342701/fpga/barrage_game/barrage_game.sdk/system_wrapper_hw_platform_0/ps7_init.tcl
targets -set -nocase -filter {name =~"APU*" && jtag_cable_name =~ "Digilent Zed 210248525235"} -index 0
loadhw E:/M10702114/ntust_HSCodesign_et5342701/fpga/barrage_game/barrage_game.sdk/system_wrapper_hw_platform_0/system.hdf
targets -set -nocase -filter {name =~"APU*" && jtag_cable_name =~ "Digilent Zed 210248525235"} -index 0
stop
ps7_init
ps7_post_config
targets -set -nocase -filter {name =~ "ARM*#0" && jtag_cable_name =~ "Digilent Zed 210248525235"} -index 0
rst -processor
targets -set -nocase -filter {name =~ "ARM*#0" && jtag_cable_name =~ "Digilent Zed 210248525235"} -index 0
dow E:/M10702114/ntust_HSCodesign_et5342701/fpga/barrage_game/barrage_game.sdk/Control_test/Debug/Control_test.elf
----------------End of Script----------------

14:40:29 INFO  : Memory regions updated for context APU
14:40:29 INFO  : Context for processor 'ps7_cortexa9_0' is selected.
14:40:29 INFO  : 'con' command is executed.
14:40:29 INFO  : ----------------XSDB Script (After Launch)----------------
targets -set -nocase -filter {name =~ "ARM*#0" && jtag_cable_name =~ "Digilent Zed 210248525235"} -index 0
con
----------------End of Script----------------

14:40:29 INFO  : Launch script is exported to file 'E:\M10702114\ntust_HSCodesign_et5342701\fpga\barrage_game\barrage_game.sdk\.sdk\launch_scripts\xilinx_c-c++_application_(system_debugger)\system_debugger_using_debug_control_test.elf_on_local.tcl'
14:41:08 INFO  : Disconnected from the channel tcfchan#5.
14:41:09 INFO  : 'targets -set -filter {jtag_cable_name =~ "Digilent Zed 210248525235" && level==0} -index 1' command is executed.
14:41:09 INFO  : 'fpga -state' command is executed.
14:41:09 INFO  : Connected to target on host '127.0.0.1' and port '3121'.
14:41:09 INFO  : Jtag cable 'Digilent Zed 210248525235' is selected.
14:41:09 INFO  : 'jtag frequency' command is executed.
14:41:09 INFO  : Sourcing of 'E:/M10702114/ntust_HSCodesign_et5342701/fpga/barrage_game/barrage_game.sdk/system_wrapper_hw_platform_0/ps7_init.tcl' is done.
14:41:09 INFO  : Context for 'APU' is selected.
14:41:11 INFO  : Hardware design information is loaded from 'E:/M10702114/ntust_HSCodesign_et5342701/fpga/barrage_game/barrage_game.sdk/system_wrapper_hw_platform_0/system.hdf'.
14:41:11 INFO  : Context for 'APU' is selected.
14:41:11 INFO  : 'stop' command is executed.
14:41:11 INFO  : 'ps7_init' command is executed.
14:41:11 INFO  : 'ps7_post_config' command is executed.
14:41:11 INFO  : Context for processor 'ps7_cortexa9_0' is selected.
14:41:11 INFO  : Processor reset is completed for 'ps7_cortexa9_0'.
14:41:11 INFO  : Context for processor 'ps7_cortexa9_0' is selected.
14:41:11 INFO  : The application 'E:/M10702114/ntust_HSCodesign_et5342701/fpga/barrage_game/barrage_game.sdk/Control_test/Debug/Control_test.elf' is downloaded to processor 'ps7_cortexa9_0'.
14:41:11 INFO  : ----------------XSDB Script----------------
connect -url tcp:127.0.0.1:3121
source E:/M10702114/ntust_HSCodesign_et5342701/fpga/barrage_game/barrage_game.sdk/system_wrapper_hw_platform_0/ps7_init.tcl
targets -set -nocase -filter {name =~"APU*" && jtag_cable_name =~ "Digilent Zed 210248525235"} -index 0
loadhw E:/M10702114/ntust_HSCodesign_et5342701/fpga/barrage_game/barrage_game.sdk/system_wrapper_hw_platform_0/system.hdf
targets -set -nocase -filter {name =~"APU*" && jtag_cable_name =~ "Digilent Zed 210248525235"} -index 0
stop
ps7_init
ps7_post_config
targets -set -nocase -filter {name =~ "ARM*#0" && jtag_cable_name =~ "Digilent Zed 210248525235"} -index 0
rst -processor
targets -set -nocase -filter {name =~ "ARM*#0" && jtag_cable_name =~ "Digilent Zed 210248525235"} -index 0
dow E:/M10702114/ntust_HSCodesign_et5342701/fpga/barrage_game/barrage_game.sdk/Control_test/Debug/Control_test.elf
----------------End of Script----------------

14:41:11 INFO  : Memory regions updated for context APU
14:41:12 INFO  : Context for processor 'ps7_cortexa9_0' is selected.
14:41:12 INFO  : 'con' command is executed.
14:41:12 INFO  : ----------------XSDB Script (After Launch)----------------
targets -set -nocase -filter {name =~ "ARM*#0" && jtag_cable_name =~ "Digilent Zed 210248525235"} -index 0
con
----------------End of Script----------------

14:41:12 INFO  : Launch script is exported to file 'E:\M10702114\ntust_HSCodesign_et5342701\fpga\barrage_game\barrage_game.sdk\.sdk\launch_scripts\xilinx_c-c++_application_(system_debugger)\system_debugger_using_debug_control_test.elf_on_local.tcl'
14:43:15 INFO  : Connected to target on host '127.0.0.1' and port '3121'.
14:43:15 INFO  : 'targets -set -filter {jtag_cable_name =~ "Digilent Zed 210248525235" && level==0} -index 1' command is executed.
14:43:17 INFO  : FPGA configured successfully with bitstream "E:/M10702114/ntust_HSCodesign_et5342701/fpga/barrage_game/barrage_game.sdk/system_wrapper_hw_platform_0/system_wrapper.bit"
14:43:26 INFO  : Disconnected from the channel tcfchan#6.
14:43:27 INFO  : 'targets -set -filter {jtag_cable_name =~ "Digilent Zed 210248525235" && level==0} -index 1' command is executed.
14:43:27 INFO  : 'fpga -state' command is executed.
14:43:27 INFO  : Connected to target on host '127.0.0.1' and port '3121'.
14:43:27 INFO  : Jtag cable 'Digilent Zed 210248525235' is selected.
14:43:27 INFO  : 'jtag frequency' command is executed.
14:43:27 INFO  : Sourcing of 'E:/M10702114/ntust_HSCodesign_et5342701/fpga/barrage_game/barrage_game.sdk/system_wrapper_hw_platform_0/ps7_init.tcl' is done.
14:43:27 INFO  : Context for 'APU' is selected.
14:43:29 INFO  : Hardware design information is loaded from 'E:/M10702114/ntust_HSCodesign_et5342701/fpga/barrage_game/barrage_game.sdk/system_wrapper_hw_platform_0/system.hdf'.
14:43:29 INFO  : Context for 'APU' is selected.
14:43:29 INFO  : 'stop' command is executed.
14:43:29 INFO  : 'ps7_init' command is executed.
14:43:29 INFO  : 'ps7_post_config' command is executed.
14:43:29 INFO  : Context for processor 'ps7_cortexa9_0' is selected.
14:43:29 INFO  : Processor reset is completed for 'ps7_cortexa9_0'.
14:43:29 INFO  : Context for processor 'ps7_cortexa9_0' is selected.
14:43:29 INFO  : The application 'E:/M10702114/ntust_HSCodesign_et5342701/fpga/barrage_game/barrage_game.sdk/Control_test/Debug/Control_test.elf' is downloaded to processor 'ps7_cortexa9_0'.
14:43:29 INFO  : ----------------XSDB Script----------------
connect -url tcp:127.0.0.1:3121
source E:/M10702114/ntust_HSCodesign_et5342701/fpga/barrage_game/barrage_game.sdk/system_wrapper_hw_platform_0/ps7_init.tcl
targets -set -nocase -filter {name =~"APU*" && jtag_cable_name =~ "Digilent Zed 210248525235"} -index 0
loadhw E:/M10702114/ntust_HSCodesign_et5342701/fpga/barrage_game/barrage_game.sdk/system_wrapper_hw_platform_0/system.hdf
targets -set -nocase -filter {name =~"APU*" && jtag_cable_name =~ "Digilent Zed 210248525235"} -index 0
stop
ps7_init
ps7_post_config
targets -set -nocase -filter {name =~ "ARM*#0" && jtag_cable_name =~ "Digilent Zed 210248525235"} -index 0
rst -processor
targets -set -nocase -filter {name =~ "ARM*#0" && jtag_cable_name =~ "Digilent Zed 210248525235"} -index 0
dow E:/M10702114/ntust_HSCodesign_et5342701/fpga/barrage_game/barrage_game.sdk/Control_test/Debug/Control_test.elf
----------------End of Script----------------

14:43:29 INFO  : Memory regions updated for context APU
14:43:29 INFO  : Context for processor 'ps7_cortexa9_0' is selected.
14:43:29 INFO  : 'con' command is executed.
14:43:29 INFO  : ----------------XSDB Script (After Launch)----------------
targets -set -nocase -filter {name =~ "ARM*#0" && jtag_cable_name =~ "Digilent Zed 210248525235"} -index 0
con
----------------End of Script----------------

14:43:29 INFO  : Launch script is exported to file 'E:\M10702114\ntust_HSCodesign_et5342701\fpga\barrage_game\barrage_game.sdk\.sdk\launch_scripts\xilinx_c-c++_application_(system_debugger)\system_debugger_using_debug_control_test.elf_on_local.tcl'
15:11:23 INFO  : Disconnected from the channel tcfchan#7.
15:11:24 INFO  : 'targets -set -filter {jtag_cable_name =~ "Digilent Zed 210248525235" && level==0} -index 1' command is executed.
15:11:24 INFO  : 'fpga -state' command is executed.
15:11:24 INFO  : Connected to target on host '127.0.0.1' and port '3121'.
15:11:24 INFO  : Jtag cable 'Digilent Zed 210248525235' is selected.
15:11:24 INFO  : 'jtag frequency' command is executed.
15:11:24 INFO  : Sourcing of 'E:/M10702114/ntust_HSCodesign_et5342701/fpga/barrage_game/barrage_game.sdk/system_wrapper_hw_platform_0/ps7_init.tcl' is done.
15:11:24 INFO  : Context for 'APU' is selected.
15:11:26 INFO  : Hardware design information is loaded from 'E:/M10702114/ntust_HSCodesign_et5342701/fpga/barrage_game/barrage_game.sdk/system_wrapper_hw_platform_0/system.hdf'.
15:11:26 INFO  : Context for 'APU' is selected.
15:11:26 INFO  : 'stop' command is executed.
15:11:26 INFO  : 'ps7_init' command is executed.
15:11:26 INFO  : 'ps7_post_config' command is executed.
15:11:26 INFO  : Context for processor 'ps7_cortexa9_0' is selected.
15:11:26 INFO  : Processor reset is completed for 'ps7_cortexa9_0'.
15:11:26 INFO  : Context for processor 'ps7_cortexa9_0' is selected.
15:11:27 INFO  : The application 'E:/M10702114/ntust_HSCodesign_et5342701/fpga/barrage_game/barrage_game.sdk/Control_test/Debug/Control_test.elf' is downloaded to processor 'ps7_cortexa9_0'.
15:11:27 INFO  : ----------------XSDB Script----------------
connect -url tcp:127.0.0.1:3121
source E:/M10702114/ntust_HSCodesign_et5342701/fpga/barrage_game/barrage_game.sdk/system_wrapper_hw_platform_0/ps7_init.tcl
targets -set -nocase -filter {name =~"APU*" && jtag_cable_name =~ "Digilent Zed 210248525235"} -index 0
loadhw E:/M10702114/ntust_HSCodesign_et5342701/fpga/barrage_game/barrage_game.sdk/system_wrapper_hw_platform_0/system.hdf
targets -set -nocase -filter {name =~"APU*" && jtag_cable_name =~ "Digilent Zed 210248525235"} -index 0
stop
ps7_init
ps7_post_config
targets -set -nocase -filter {name =~ "ARM*#0" && jtag_cable_name =~ "Digilent Zed 210248525235"} -index 0
rst -processor
targets -set -nocase -filter {name =~ "ARM*#0" && jtag_cable_name =~ "Digilent Zed 210248525235"} -index 0
dow E:/M10702114/ntust_HSCodesign_et5342701/fpga/barrage_game/barrage_game.sdk/Control_test/Debug/Control_test.elf
----------------End of Script----------------

15:11:27 INFO  : Memory regions updated for context APU
15:11:27 INFO  : Context for processor 'ps7_cortexa9_0' is selected.
15:11:27 INFO  : 'con' command is executed.
15:11:27 INFO  : ----------------XSDB Script (After Launch)----------------
targets -set -nocase -filter {name =~ "ARM*#0" && jtag_cable_name =~ "Digilent Zed 210248525235"} -index 0
con
----------------End of Script----------------

15:11:27 INFO  : Launch script is exported to file 'E:\M10702114\ntust_HSCodesign_et5342701\fpga\barrage_game\barrage_game.sdk\.sdk\launch_scripts\xilinx_c-c++_application_(system_debugger)\system_debugger_using_debug_control_test.elf_on_local.tcl'
15:20:55 INFO  : SDK has detected change in the last modified timestamps for source hardware specification file Source:1558250436737,  Project:1558240704045
15:20:55 INFO  : Project system_wrapper_hw_platform_0's source hardware specification located at E:/M10702114/ntust_HSCodesign_et5342701/fpga/barrage_game/barrage_game.sdk/system_wrapper.hdf is now different from the local copy.
		 The local copy will be replaced with the source specification and your workspace will be updated.
15:20:57 INFO  : Copied contents of E:/M10702114/ntust_HSCodesign_et5342701/fpga/barrage_game/barrage_game.sdk/system_wrapper.hdf into \system_wrapper_hw_platform_0\system.hdf.
15:21:05 INFO  : Synchronizing projects in the workspace with the hardware platform specification changes.
15:21:07 INFO  : 
15:21:08 INFO  : Updating hardware inferred compiler options for Control_test.
15:21:08 INFO  : Clearing existing target manager status.
15:21:09 INFO  : Closing and re-opening the MSS file of ther project Control_test_bsp
15:21:10 INFO  : Workspace synchronized with the new hardware specification file. Cleaning dependent projects...
15:21:10 WARN  : Linker script will not be updated automatically. Users need to update it manually.
15:21:36 INFO  : Connected to target on host '127.0.0.1' and port '3121'.
15:21:37 INFO  : 'targets -set -filter {jtag_cable_name =~ "Digilent Zed 210248525235" && level==0} -index 1' command is executed.
15:21:39 INFO  : FPGA configured successfully with bitstream "E:/M10702114/ntust_HSCodesign_et5342701/fpga/barrage_game/barrage_game.sdk/system_wrapper_hw_platform_0/system_wrapper.bit"
15:21:52 INFO  : Disconnected from the channel tcfchan#8.
15:21:53 INFO  : 'targets -set -filter {jtag_cable_name =~ "Digilent Zed 210248525235" && level==0} -index 1' command is executed.
15:21:53 INFO  : 'fpga -state' command is executed.
15:21:53 INFO  : Connected to target on host '127.0.0.1' and port '3121'.
15:21:54 INFO  : Jtag cable 'Digilent Zed 210248525235' is selected.
15:21:54 INFO  : 'jtag frequency' command is executed.
15:21:54 INFO  : Sourcing of 'E:/M10702114/ntust_HSCodesign_et5342701/fpga/barrage_game/barrage_game.sdk/system_wrapper_hw_platform_0/ps7_init.tcl' is done.
15:21:54 INFO  : Context for 'APU' is selected.
15:21:54 INFO  : Hardware design information is loaded from 'E:/M10702114/ntust_HSCodesign_et5342701/fpga/barrage_game/barrage_game.sdk/system_wrapper_hw_platform_0/system.hdf'.
15:21:54 INFO  : Context for 'APU' is selected.
15:21:54 INFO  : 'stop' command is executed.
15:21:56 INFO  : 'ps7_init' command is executed.
15:21:56 INFO  : 'ps7_post_config' command is executed.
15:21:56 INFO  : Context for processor 'ps7_cortexa9_0' is selected.
15:21:56 INFO  : Processor reset is completed for 'ps7_cortexa9_0'.
15:21:56 INFO  : Context for processor 'ps7_cortexa9_0' is selected.
15:21:58 ERROR : Memory write error at 0x100000. APB AP transaction error, DAP status f0000021
15:21:58 INFO  : ----------------XSDB Script----------------
connect -url tcp:127.0.0.1:3121
source E:/M10702114/ntust_HSCodesign_et5342701/fpga/barrage_game/barrage_game.sdk/system_wrapper_hw_platform_0/ps7_init.tcl
targets -set -nocase -filter {name =~"APU*" && jtag_cable_name =~ "Digilent Zed 210248525235"} -index 0
loadhw E:/M10702114/ntust_HSCodesign_et5342701/fpga/barrage_game/barrage_game.sdk/system_wrapper_hw_platform_0/system.hdf
targets -set -nocase -filter {name =~"APU*" && jtag_cable_name =~ "Digilent Zed 210248525235"} -index 0
stop
ps7_init
ps7_post_config
targets -set -nocase -filter {name =~ "ARM*#0" && jtag_cable_name =~ "Digilent Zed 210248525235"} -index 0
rst -processor
targets -set -nocase -filter {name =~ "ARM*#0" && jtag_cable_name =~ "Digilent Zed 210248525235"} -index 0
dow E:/M10702114/ntust_HSCodesign_et5342701/fpga/barrage_game/barrage_game.sdk/Control_test/Debug/Control_test.elf
----------------End of Script----------------

15:21:59 INFO  : 'targets -set -filter {jtag_cable_name =~ "Digilent Zed 210248525235" && level==0} -index 1' command is executed.
15:21:59 INFO  : 'fpga -state' command is executed.
15:21:59 INFO  : Connected to target on host '127.0.0.1' and port '3121'.
15:21:59 INFO  : Jtag cable 'Digilent Zed 210248525235' is selected.
15:21:59 INFO  : 'jtag frequency' command is executed.
15:21:59 INFO  : Sourcing of 'E:/M10702114/ntust_HSCodesign_et5342701/fpga/barrage_game/barrage_game.sdk/system_wrapper_hw_platform_0/ps7_init.tcl' is done.
15:21:59 INFO  : Context for 'APU' is selected.
15:21:59 INFO  : Hardware design information is loaded from 'E:/M10702114/ntust_HSCodesign_et5342701/fpga/barrage_game/barrage_game.sdk/system_wrapper_hw_platform_0/system.hdf'.
15:21:59 INFO  : Context for 'APU' is selected.
15:21:59 INFO  : 'stop' command is executed.
15:21:59 ERROR : AP transaction error, DAP status f0000021
15:21:59 INFO  : ----------------XSDB Script----------------
connect -url tcp:127.0.0.1:3121
source E:/M10702114/ntust_HSCodesign_et5342701/fpga/barrage_game/barrage_game.sdk/system_wrapper_hw_platform_0/ps7_init.tcl
targets -set -nocase -filter {name =~"APU*" && jtag_cable_name =~ "Digilent Zed 210248525235"} -index 0
loadhw E:/M10702114/ntust_HSCodesign_et5342701/fpga/barrage_game/barrage_game.sdk/system_wrapper_hw_platform_0/system.hdf
targets -set -nocase -filter {name =~"APU*" && jtag_cable_name =~ "Digilent Zed 210248525235"} -index 0
stop
ps7_init
----------------End of Script----------------

15:22:06 INFO  : 'targets -set -filter {jtag_cable_name =~ "Digilent Zed 210248525235" && level==0} -index 1' command is executed.
15:22:06 INFO  : 'fpga -state' command is executed.
15:22:06 INFO  : Connected to target on host '127.0.0.1' and port '3121'.
15:22:07 INFO  : Jtag cable 'Digilent Zed 210248525235' is selected.
15:22:07 INFO  : 'jtag frequency' command is executed.
15:22:07 INFO  : Sourcing of 'E:/M10702114/ntust_HSCodesign_et5342701/fpga/barrage_game/barrage_game.sdk/system_wrapper_hw_platform_0/ps7_init.tcl' is done.
15:22:07 INFO  : Context for 'APU' is selected.
15:22:07 INFO  : Hardware design information is loaded from 'E:/M10702114/ntust_HSCodesign_et5342701/fpga/barrage_game/barrage_game.sdk/system_wrapper_hw_platform_0/system.hdf'.
15:22:07 INFO  : Context for 'APU' is selected.
15:22:07 INFO  : 'stop' command is executed.
15:22:07 ERROR : AP transaction error, DAP status f0000021
15:22:07 INFO  : ----------------XSDB Script----------------
connect -url tcp:127.0.0.1:3121
source E:/M10702114/ntust_HSCodesign_et5342701/fpga/barrage_game/barrage_game.sdk/system_wrapper_hw_platform_0/ps7_init.tcl
targets -set -nocase -filter {name =~"APU*" && jtag_cable_name =~ "Digilent Zed 210248525235"} -index 0
loadhw E:/M10702114/ntust_HSCodesign_et5342701/fpga/barrage_game/barrage_game.sdk/system_wrapper_hw_platform_0/system.hdf
targets -set -nocase -filter {name =~"APU*" && jtag_cable_name =~ "Digilent Zed 210248525235"} -index 0
stop
ps7_init
----------------End of Script----------------

15:22:12 INFO  : Connected to target on host '127.0.0.1' and port '3121'.
15:22:12 INFO  : 'targets -set -filter {jtag_cable_name =~ "Digilent Zed 210248525235" && level==0} -index 1' command is executed.
15:22:14 INFO  : FPGA configured successfully with bitstream "E:/M10702114/ntust_HSCodesign_et5342701/fpga/barrage_game/barrage_game.sdk/system_wrapper_hw_platform_0/system_wrapper.bit"
15:22:18 INFO  : 'targets -set -filter {jtag_cable_name =~ "Digilent Zed 210248525235" && level==0} -index 1' command is executed.
15:22:18 INFO  : 'fpga -state' command is executed.
15:22:18 INFO  : Connected to target on host '127.0.0.1' and port '3121'.
15:22:18 INFO  : Jtag cable 'Digilent Zed 210248525235' is selected.
15:22:18 INFO  : 'jtag frequency' command is executed.
15:22:18 INFO  : Sourcing of 'E:/M10702114/ntust_HSCodesign_et5342701/fpga/barrage_game/barrage_game.sdk/system_wrapper_hw_platform_0/ps7_init.tcl' is done.
15:22:18 INFO  : Context for 'APU' is selected.
15:22:18 INFO  : Hardware design information is loaded from 'E:/M10702114/ntust_HSCodesign_et5342701/fpga/barrage_game/barrage_game.sdk/system_wrapper_hw_platform_0/system.hdf'.
15:22:18 INFO  : Context for 'APU' is selected.
15:22:18 INFO  : 'stop' command is executed.
15:22:18 ERROR : AP transaction error, DAP status f0000021
15:22:18 INFO  : ----------------XSDB Script----------------
connect -url tcp:127.0.0.1:3121
source E:/M10702114/ntust_HSCodesign_et5342701/fpga/barrage_game/barrage_game.sdk/system_wrapper_hw_platform_0/ps7_init.tcl
targets -set -nocase -filter {name =~"APU*" && jtag_cable_name =~ "Digilent Zed 210248525235"} -index 0
loadhw E:/M10702114/ntust_HSCodesign_et5342701/fpga/barrage_game/barrage_game.sdk/system_wrapper_hw_platform_0/system.hdf
targets -set -nocase -filter {name =~"APU*" && jtag_cable_name =~ "Digilent Zed 210248525235"} -index 0
stop
ps7_init
----------------End of Script----------------

15:22:32 ERROR : Unexpected error while parsing XMD response ?: com.google.gson.JsonSyntaxException: com.google.gson.stream.MalformedJsonException: invalid number or unquoted string near 
15:22:39 INFO  : Registering command handlers for SDK TCF services
15:22:39 INFO  : Launching XSCT server: xsct.bat -interactive E:\M10702114\ntust_HSCodesign_et5342701\fpga\barrage_game\barrage_game.sdk\temp_xsdb_launch_script.tcl
15:22:41 INFO  : XSCT server has started successfully.
15:22:41 INFO  : Successfully done setting XSCT server connection channel  
15:22:41 INFO  : Successfully done setting SDK workspace  
15:22:41 INFO  : Processing command line option -hwspec E:/M10702114/ntust_HSCodesign_et5342701/fpga/barrage_game/barrage_game.sdk/system_wrapper.hdf.
15:22:41 INFO  : Checking for hwspec changes in the project system_wrapper_hw_platform_0.
15:24:11 INFO  : Connected to target on host '127.0.0.1' and port '3121'.
15:24:12 INFO  : 'targets -set -filter {jtag_cable_name =~ "Digilent Zed 210248525235" && level==0} -index 1' command is executed.
15:24:14 INFO  : FPGA configured successfully with bitstream "E:/M10702114/ntust_HSCodesign_et5342701/fpga/barrage_game/barrage_game.sdk/system_wrapper_hw_platform_0/system_wrapper.bit"
15:24:17 INFO  : 'targets -set -filter {jtag_cable_name =~ "Digilent Zed 210248525235" && level==0} -index 1' command is executed.
15:24:17 INFO  : 'fpga -state' command is executed.
15:24:17 INFO  : Connected to target on host '127.0.0.1' and port '3121'.
15:24:17 INFO  : Jtag cable 'Digilent Zed 210248525235' is selected.
15:24:17 INFO  : 'jtag frequency' command is executed.
15:24:17 INFO  : Sourcing of 'E:/M10702114/ntust_HSCodesign_et5342701/fpga/barrage_game/barrage_game.sdk/system_wrapper_hw_platform_0/ps7_init.tcl' is done.
15:24:18 INFO  : Context for 'APU' is selected.
15:24:18 INFO  : Hardware design information is loaded from 'E:/M10702114/ntust_HSCodesign_et5342701/fpga/barrage_game/barrage_game.sdk/system_wrapper_hw_platform_0/system.hdf'.
15:24:18 INFO  : Context for 'APU' is selected.
15:24:18 INFO  : 'stop' command is executed.
15:24:18 INFO  : 'ps7_init' command is executed.
15:24:18 INFO  : 'ps7_post_config' command is executed.
15:24:18 INFO  : Context for processor 'ps7_cortexa9_0' is selected.
15:24:18 INFO  : Processor reset is completed for 'ps7_cortexa9_0'.
15:24:18 INFO  : Context for processor 'ps7_cortexa9_0' is selected.
15:24:18 INFO  : The application 'E:/M10702114/ntust_HSCodesign_et5342701/fpga/barrage_game/barrage_game.sdk/Control_test/Debug/Control_test.elf' is downloaded to processor 'ps7_cortexa9_0'.
15:24:18 INFO  : ----------------XSDB Script----------------
connect -url tcp:127.0.0.1:3121
source E:/M10702114/ntust_HSCodesign_et5342701/fpga/barrage_game/barrage_game.sdk/system_wrapper_hw_platform_0/ps7_init.tcl
targets -set -nocase -filter {name =~"APU*" && jtag_cable_name =~ "Digilent Zed 210248525235"} -index 0
loadhw E:/M10702114/ntust_HSCodesign_et5342701/fpga/barrage_game/barrage_game.sdk/system_wrapper_hw_platform_0/system.hdf
targets -set -nocase -filter {name =~"APU*" && jtag_cable_name =~ "Digilent Zed 210248525235"} -index 0
stop
ps7_init
ps7_post_config
targets -set -nocase -filter {name =~ "ARM*#0" && jtag_cable_name =~ "Digilent Zed 210248525235"} -index 0
rst -processor
targets -set -nocase -filter {name =~ "ARM*#0" && jtag_cable_name =~ "Digilent Zed 210248525235"} -index 0
dow E:/M10702114/ntust_HSCodesign_et5342701/fpga/barrage_game/barrage_game.sdk/Control_test/Debug/Control_test.elf
----------------End of Script----------------

15:24:18 INFO  : Memory regions updated for context APU
15:24:18 INFO  : Context for processor 'ps7_cortexa9_0' is selected.
15:24:18 INFO  : 'con' command is executed.
15:24:18 INFO  : ----------------XSDB Script (After Launch)----------------
targets -set -nocase -filter {name =~ "ARM*#0" && jtag_cable_name =~ "Digilent Zed 210248525235"} -index 0
con
----------------End of Script----------------

15:24:18 INFO  : Launch script is exported to file 'E:\M10702114\ntust_HSCodesign_et5342701\fpga\barrage_game\barrage_game.sdk\.sdk\launch_scripts\xilinx_c-c++_application_(system_debugger)\system_debugger_using_debug_control_test.elf_on_local.tcl'
15:42:19 INFO  : SDK has detected change in the last modified timestamps for source hardware specification file Source:1558251725515,  Project:1558250436737
15:42:19 INFO  : Project system_wrapper_hw_platform_0's source hardware specification located at E:/M10702114/ntust_HSCodesign_et5342701/fpga/barrage_game/barrage_game.sdk/system_wrapper.hdf is now different from the local copy.
		 The local copy will be replaced with the source specification and your workspace will be updated.
15:42:21 INFO  : Copied contents of E:/M10702114/ntust_HSCodesign_et5342701/fpga/barrage_game/barrage_game.sdk/system_wrapper.hdf into \system_wrapper_hw_platform_0\system.hdf.
15:42:24 INFO  : Synchronizing projects in the workspace with the hardware platform specification changes.
15:42:26 INFO  : 
15:42:27 INFO  : Updating hardware inferred compiler options for Control_test.
15:42:27 INFO  : Clearing existing target manager status.
15:42:28 INFO  : Workspace synchronized with the new hardware specification file. Cleaning dependent projects...
15:42:29 WARN  : Linker script will not be updated automatically. Users need to update it manually.
15:43:15 INFO  : Connected to target on host '127.0.0.1' and port '3121'.
15:43:32 INFO  : Connected to target on host '127.0.0.1' and port '3121'.
15:43:33 INFO  : 'targets -set -filter {jtag_cable_name =~ "Digilent Zed 210248525235" && level==0} -index 1' command is executed.
15:43:35 INFO  : FPGA configured successfully with bitstream "E:/M10702114/ntust_HSCodesign_et5342701/fpga/barrage_game/barrage_game.sdk/system_wrapper_hw_platform_0/system_wrapper.bit"
15:43:39 INFO  : Disconnected from the channel tcfchan#1.
15:43:41 INFO  : 'targets -set -filter {jtag_cable_name =~ "Digilent Zed 210248525235" && level==0} -index 1' command is executed.
15:43:41 INFO  : 'fpga -state' command is executed.
15:43:41 INFO  : Connected to target on host '127.0.0.1' and port '3121'.
15:43:41 INFO  : Jtag cable 'Digilent Zed 210248525235' is selected.
15:43:41 INFO  : 'jtag frequency' command is executed.
15:43:41 INFO  : Sourcing of 'E:/M10702114/ntust_HSCodesign_et5342701/fpga/barrage_game/barrage_game.sdk/system_wrapper_hw_platform_0/ps7_init.tcl' is done.
15:43:41 INFO  : Context for 'APU' is selected.
15:43:41 INFO  : Hardware design information is loaded from 'E:/M10702114/ntust_HSCodesign_et5342701/fpga/barrage_game/barrage_game.sdk/system_wrapper_hw_platform_0/system.hdf'.
15:43:41 INFO  : Context for 'APU' is selected.
15:43:41 INFO  : 'stop' command is executed.
15:43:42 INFO  : 'ps7_init' command is executed.
15:43:42 INFO  : 'ps7_post_config' command is executed.
15:43:42 INFO  : Context for processor 'ps7_cortexa9_0' is selected.
15:43:42 INFO  : Processor reset is completed for 'ps7_cortexa9_0'.
15:43:42 INFO  : Context for processor 'ps7_cortexa9_0' is selected.
15:43:42 INFO  : The application 'E:/M10702114/ntust_HSCodesign_et5342701/fpga/barrage_game/barrage_game.sdk/Control_test/Debug/Control_test.elf' is downloaded to processor 'ps7_cortexa9_0'.
15:43:42 INFO  : ----------------XSDB Script----------------
connect -url tcp:127.0.0.1:3121
source E:/M10702114/ntust_HSCodesign_et5342701/fpga/barrage_game/barrage_game.sdk/system_wrapper_hw_platform_0/ps7_init.tcl
targets -set -nocase -filter {name =~"APU*" && jtag_cable_name =~ "Digilent Zed 210248525235"} -index 0
loadhw E:/M10702114/ntust_HSCodesign_et5342701/fpga/barrage_game/barrage_game.sdk/system_wrapper_hw_platform_0/system.hdf
targets -set -nocase -filter {name =~"APU*" && jtag_cable_name =~ "Digilent Zed 210248525235"} -index 0
stop
ps7_init
ps7_post_config
targets -set -nocase -filter {name =~ "ARM*#0" && jtag_cable_name =~ "Digilent Zed 210248525235"} -index 0
rst -processor
targets -set -nocase -filter {name =~ "ARM*#0" && jtag_cable_name =~ "Digilent Zed 210248525235"} -index 0
dow E:/M10702114/ntust_HSCodesign_et5342701/fpga/barrage_game/barrage_game.sdk/Control_test/Debug/Control_test.elf
----------------End of Script----------------

15:43:42 INFO  : Memory regions updated for context APU
15:43:42 INFO  : Context for processor 'ps7_cortexa9_0' is selected.
15:43:42 INFO  : 'con' command is executed.
15:43:42 INFO  : ----------------XSDB Script (After Launch)----------------
targets -set -nocase -filter {name =~ "ARM*#0" && jtag_cable_name =~ "Digilent Zed 210248525235"} -index 0
con
----------------End of Script----------------

15:43:42 INFO  : Launch script is exported to file 'E:\M10702114\ntust_HSCodesign_et5342701\fpga\barrage_game\barrage_game.sdk\.sdk\launch_scripts\xilinx_c-c++_application_(system_debugger)\system_debugger_using_debug_control_test.elf_on_local.tcl'
15:44:09 INFO  : Disconnected from the channel tcfchan#2.
15:44:09 ERROR : Unexpected error while parsing XMD response ?: com.google.gson.JsonSyntaxException: com.google.gson.stream.MalformedJsonException: invalid number or unquoted string near 
19:46:37 INFO  : Registering command handlers for SDK TCF services
19:46:37 INFO  : Launching XSCT server: xsct.bat -interactive E:\M10702114\ntust_HSCodesign_et5342701\fpga\barrage_game\barrage_game.sdk\temp_xsdb_launch_script.tcl
19:46:38 INFO  : XSCT server has started successfully.
19:46:39 INFO  : Successfully done setting XSCT server connection channel  
19:46:39 INFO  : Processing command line option -hwspec E:/M10702114/ntust_HSCodesign_et5342701/fpga/barrage_game/barrage_game.sdk/system_wrapper.hdf.
19:46:39 INFO  : Successfully done setting SDK workspace  
19:46:39 INFO  : Checking for hwspec changes in the project system_wrapper_hw_platform_0.
19:46:41 INFO  : SDK has detected change in the last modified timestamps for source hardware specification file Source:1558265797452,  Project:1558251725515
19:46:41 INFO  : The hardware specification for project 'system_wrapper_hw_platform_0' is different from E:/M10702114/ntust_HSCodesign_et5342701/fpga/barrage_game/barrage_game.sdk/system_wrapper.hdf.
19:46:41 INFO  : Copied contents of E:/M10702114/ntust_HSCodesign_et5342701/fpga/barrage_game/barrage_game.sdk/system_wrapper.hdf into \system_wrapper_hw_platform_0\system.hdf.
19:46:44 INFO  : Synchronizing projects in the workspace with the hardware platform specification changes.
19:46:46 INFO  : 
19:46:46 INFO  : Updating hardware inferred compiler options for Control_test.
19:46:46 INFO  : Clearing existing target manager status.
19:46:48 INFO  : Workspace synchronized with the new hardware specification file. Cleaning dependent projects...
19:46:48 WARN  : Linker script will not be updated automatically. Users need to update it manually.
19:46:54 INFO  : Connected to target on host '127.0.0.1' and port '3121'.
19:46:58 INFO  : 'targets -set -filter {jtag_cable_name =~ "Digilent Zed 210248525235" && level==0} -index 1' command is executed.
19:47:00 INFO  : FPGA configured successfully with bitstream "E:/M10702114/ntust_HSCodesign_et5342701/fpga/barrage_game/barrage_game.sdk/system_wrapper_hw_platform_0/system_wrapper.bit"
19:47:13 INFO  : 'targets -set -filter {jtag_cable_name =~ "Digilent Zed 210248525235" && level==0} -index 1' command is executed.
19:47:13 INFO  : 'fpga -state' command is executed.
19:47:13 INFO  : Connected to target on host '127.0.0.1' and port '3121'.
19:47:14 INFO  : Jtag cable 'Digilent Zed 210248525235' is selected.
19:47:14 INFO  : 'jtag frequency' command is executed.
19:47:14 INFO  : Sourcing of 'E:/M10702114/ntust_HSCodesign_et5342701/fpga/barrage_game/barrage_game.sdk/system_wrapper_hw_platform_0/ps7_init.tcl' is done.
19:47:14 INFO  : Context for 'APU' is selected.
19:47:14 INFO  : Hardware design information is loaded from 'E:/M10702114/ntust_HSCodesign_et5342701/fpga/barrage_game/barrage_game.sdk/system_wrapper_hw_platform_0/system.hdf'.
19:47:14 INFO  : Context for 'APU' is selected.
19:47:14 INFO  : 'stop' command is executed.
19:47:14 INFO  : 'ps7_init' command is executed.
19:47:14 INFO  : 'ps7_post_config' command is executed.
19:47:14 INFO  : Context for processor 'ps7_cortexa9_0' is selected.
19:47:14 INFO  : Processor reset is completed for 'ps7_cortexa9_0'.
19:47:14 INFO  : Context for processor 'ps7_cortexa9_0' is selected.
19:47:14 INFO  : The application 'E:/M10702114/ntust_HSCodesign_et5342701/fpga/barrage_game/barrage_game.sdk/Control_test/Debug/Control_test.elf' is downloaded to processor 'ps7_cortexa9_0'.
19:47:14 INFO  : ----------------XSDB Script----------------
connect -url tcp:127.0.0.1:3121
source E:/M10702114/ntust_HSCodesign_et5342701/fpga/barrage_game/barrage_game.sdk/system_wrapper_hw_platform_0/ps7_init.tcl
targets -set -nocase -filter {name =~"APU*" && jtag_cable_name =~ "Digilent Zed 210248525235"} -index 0
loadhw E:/M10702114/ntust_HSCodesign_et5342701/fpga/barrage_game/barrage_game.sdk/system_wrapper_hw_platform_0/system.hdf
targets -set -nocase -filter {name =~"APU*" && jtag_cable_name =~ "Digilent Zed 210248525235"} -index 0
stop
ps7_init
ps7_post_config
targets -set -nocase -filter {name =~ "ARM*#0" && jtag_cable_name =~ "Digilent Zed 210248525235"} -index 0
rst -processor
targets -set -nocase -filter {name =~ "ARM*#0" && jtag_cable_name =~ "Digilent Zed 210248525235"} -index 0
dow E:/M10702114/ntust_HSCodesign_et5342701/fpga/barrage_game/barrage_game.sdk/Control_test/Debug/Control_test.elf
----------------End of Script----------------

19:47:14 INFO  : Memory regions updated for context APU
19:47:14 INFO  : Context for processor 'ps7_cortexa9_0' is selected.
19:47:14 INFO  : 'con' command is executed.
19:47:14 INFO  : ----------------XSDB Script (After Launch)----------------
targets -set -nocase -filter {name =~ "ARM*#0" && jtag_cable_name =~ "Digilent Zed 210248525235"} -index 0
con
----------------End of Script----------------

19:47:14 INFO  : Launch script is exported to file 'E:\M10702114\ntust_HSCodesign_et5342701\fpga\barrage_game\barrage_game.sdk\.sdk\launch_scripts\xilinx_c-c++_application_(system_debugger)\system_debugger_using_debug_control_test.elf_on_local.tcl'
19:48:18 INFO  : Disconnected from the channel tcfchan#1.
19:48:18 ERROR : Unexpected error while parsing XMD response ?: com.google.gson.JsonSyntaxException: com.google.gson.stream.MalformedJsonException: invalid number or unquoted string near 
