
*** Running vivado
    with args -log system_controlanddisplayIP_0_0.vds -m64 -product Vivado -mode batch -messageDb vivado.pb -notrace -source system_controlanddisplayIP_0_0.tcl


****** Vivado v2016.4 (64-bit)
  **** SW Build 1733598 on Wed Dec 14 22:35:39 MST 2016
  **** IP Build 1731160 on Wed Dec 14 23:47:21 MST 2016
    ** Copyright 1986-2016 Xilinx, Inc. All Rights Reserved.

source system_controlanddisplayIP_0_0.tcl -notrace
Command: synth_design -top system_controlanddisplayIP_0_0 -part xc7z020clg484-1 -mode out_of_context
Starting synth_design
Attempting to get a license for feature 'Synthesis' and/or device 'xc7z020'
INFO: [Common 17-349] Got license for feature 'Synthesis' and/or device 'xc7z020'
INFO: Launching helper process for spawning children vivado processes
INFO: Helper process launched with PID 2140 
---------------------------------------------------------------------------------
Starting RTL Elaboration : Time (s): cpu = 00:00:06 ; elapsed = 00:00:06 . Memory (MB): peak = 338.129 ; gain = 127.809
---------------------------------------------------------------------------------
INFO: [Synth 8-638] synthesizing module 'system_controlanddisplayIP_0_0' [e:/M10702114/ntust_HSCodesign_et5342701/fpga/barrage_game/barrage_game.srcs/sources_1/bd/system/ip/system_controlanddisplayIP_0_0/synth/system_controlanddisplayIP_0_0.v:57]
INFO: [Synth 8-638] synthesizing module 'controlanddisplayIP_v1_0' [e:/M10702114/ntust_HSCodesign_et5342701/fpga/barrage_game/barrage_game.srcs/sources_1/bd/system/ipshared/97a1/hdl/controlanddisplayIP_v1_0.v:4]
	Parameter C_S00_AXI_DATA_WIDTH bound to: 32 - type: integer 
	Parameter C_S00_AXI_ADDR_WIDTH bound to: 4 - type: integer 
INFO: [Synth 8-638] synthesizing module 'controlanddisplayIP_v1_0_S00_AXI' [e:/M10702114/ntust_HSCodesign_et5342701/fpga/barrage_game/barrage_game.srcs/sources_1/bd/system/ipshared/97a1/hdl/controlanddisplayIP_v1_0_S00_AXI.v:4]
	Parameter C_S_AXI_DATA_WIDTH bound to: 32 - type: integer 
	Parameter C_S_AXI_ADDR_WIDTH bound to: 4 - type: integer 
	Parameter ADDR_LSB bound to: 2 - type: integer 
	Parameter OPT_MEM_ADDR_BITS bound to: 1 - type: integer 
INFO: [Synth 8-226] default block is never used [e:/M10702114/ntust_HSCodesign_et5342701/fpga/barrage_game/barrage_game.srcs/sources_1/bd/system/ipshared/97a1/hdl/controlanddisplayIP_v1_0_S00_AXI.v:225]
INFO: [Synth 8-226] default block is never used [e:/M10702114/ntust_HSCodesign_et5342701/fpga/barrage_game/barrage_game.srcs/sources_1/bd/system/ipshared/97a1/hdl/controlanddisplayIP_v1_0_S00_AXI.v:366]
INFO: [Synth 8-638] synthesizing module 'Controller' [e:/M10702114/ntust_HSCodesign_et5342701/fpga/barrage_game/barrage_game.srcs/sources_1/bd/system/ipshared/97a1/hdl/Controller.v:23]
INFO: [Synth 8-256] done synthesizing module 'Controller' (1#1) [e:/M10702114/ntust_HSCodesign_et5342701/fpga/barrage_game/barrage_game.srcs/sources_1/bd/system/ipshared/97a1/hdl/Controller.v:23]
WARNING: [Synth 8-689] width (7) of port connection 'BUTTON' does not match port width (8) of module 'Controller' [e:/M10702114/ntust_HSCodesign_et5342701/fpga/barrage_game/barrage_game.srcs/sources_1/bd/system/ipshared/97a1/hdl/controlanddisplayIP_v1_0_S00_AXI.v:407]
INFO: [Synth 8-256] done synthesizing module 'controlanddisplayIP_v1_0_S00_AXI' (2#1) [e:/M10702114/ntust_HSCodesign_et5342701/fpga/barrage_game/barrage_game.srcs/sources_1/bd/system/ipshared/97a1/hdl/controlanddisplayIP_v1_0_S00_AXI.v:4]
INFO: [Synth 8-256] done synthesizing module 'controlanddisplayIP_v1_0' (3#1) [e:/M10702114/ntust_HSCodesign_et5342701/fpga/barrage_game/barrage_game.srcs/sources_1/bd/system/ipshared/97a1/hdl/controlanddisplayIP_v1_0.v:4]
INFO: [Synth 8-256] done synthesizing module 'system_controlanddisplayIP_0_0' (4#1) [e:/M10702114/ntust_HSCodesign_et5342701/fpga/barrage_game/barrage_game.srcs/sources_1/bd/system/ip/system_controlanddisplayIP_0_0/synth/system_controlanddisplayIP_0_0.v:57]
WARNING: [Synth 8-3331] design Controller has unconnected port BUTTON[7]
WARNING: [Synth 8-3331] design controlanddisplayIP_v1_0_S00_AXI has unconnected port S_AXI_AWPROT[2]
WARNING: [Synth 8-3331] design controlanddisplayIP_v1_0_S00_AXI has unconnected port S_AXI_AWPROT[1]
WARNING: [Synth 8-3331] design controlanddisplayIP_v1_0_S00_AXI has unconnected port S_AXI_AWPROT[0]
WARNING: [Synth 8-3331] design controlanddisplayIP_v1_0_S00_AXI has unconnected port S_AXI_ARPROT[2]
WARNING: [Synth 8-3331] design controlanddisplayIP_v1_0_S00_AXI has unconnected port S_AXI_ARPROT[1]
WARNING: [Synth 8-3331] design controlanddisplayIP_v1_0_S00_AXI has unconnected port S_AXI_ARPROT[0]
---------------------------------------------------------------------------------
Finished RTL Elaboration : Time (s): cpu = 00:00:06 ; elapsed = 00:00:07 . Memory (MB): peak = 375.625 ; gain = 165.305
---------------------------------------------------------------------------------

Report Check Netlist: 
+------+------------------+-------+---------+-------+------------------+
|      |Item              |Errors |Warnings |Status |Description       |
+------+------------------+-------+---------+-------+------------------+
|1     |multi_driven_nets |      0|        0|Passed |Multi driven nets |
+------+------------------+-------+---------+-------+------------------+
---------------------------------------------------------------------------------
Finished RTL Optimization Phase 1 : Time (s): cpu = 00:00:06 ; elapsed = 00:00:07 . Memory (MB): peak = 375.625 ; gain = 165.305
---------------------------------------------------------------------------------
INFO: [Device 21-403] Loading part xc7z020clg484-1
INFO: [Project 1-570] Preparing netlist for logic optimization

Processing XDC Constraints
Initializing timing engine
Completed Processing XDC Constraints

INFO: [Project 1-111] Unisim Transformation Summary:
No Unisim elements were transformed.

Constraint Validation Runtime : Time (s): cpu = 00:00:00 ; elapsed = 00:00:00.016 . Memory (MB): peak = 687.824 ; gain = 0.023
---------------------------------------------------------------------------------
Finished Constraint Validation : Time (s): cpu = 00:00:12 ; elapsed = 00:00:23 . Memory (MB): peak = 687.824 ; gain = 477.504
---------------------------------------------------------------------------------
---------------------------------------------------------------------------------
Start Loading Part and Timing Information
---------------------------------------------------------------------------------
Loading part: xc7z020clg484-1
---------------------------------------------------------------------------------
Finished Loading Part and Timing Information : Time (s): cpu = 00:00:12 ; elapsed = 00:00:23 . Memory (MB): peak = 687.824 ; gain = 477.504
---------------------------------------------------------------------------------
---------------------------------------------------------------------------------
Start Applying 'set_property' XDC Constraints
---------------------------------------------------------------------------------
---------------------------------------------------------------------------------
Finished applying 'set_property' XDC Constraints : Time (s): cpu = 00:00:12 ; elapsed = 00:00:23 . Memory (MB): peak = 687.824 ; gain = 477.504
---------------------------------------------------------------------------------
---------------------------------------------------------------------------------
Finished RTL Optimization Phase 2 : Time (s): cpu = 00:00:13 ; elapsed = 00:00:23 . Memory (MB): peak = 687.824 ; gain = 477.504
---------------------------------------------------------------------------------

Report RTL Partitions: 
+-+--------------+------------+----------+
| |RTL Partition |Replication |Instances |
+-+--------------+------------+----------+
+-+--------------+------------+----------+
---------------------------------------------------------------------------------
Start RTL Component Statistics 
---------------------------------------------------------------------------------
Detailed RTL Component Info : 
+---Registers : 
	               32 Bit    Registers := 4     
	                8 Bit    Registers := 1     
	                7 Bit    Registers := 1     
	                4 Bit    Registers := 2     
	                2 Bit    Registers := 2     
	                1 Bit    Registers := 5     
+---Muxes : 
	   2 Input     32 Bit        Muxes := 3     
	   4 Input     32 Bit        Muxes := 4     
	   2 Input      1 Bit        Muxes := 4     
---------------------------------------------------------------------------------
Finished RTL Component Statistics 
---------------------------------------------------------------------------------
---------------------------------------------------------------------------------
Start RTL Hierarchical Component Statistics 
---------------------------------------------------------------------------------
Hierarchical RTL Component report 
Module Controller 
Detailed RTL Component Info : 
+---Registers : 
	                8 Bit    Registers := 1     
	                7 Bit    Registers := 1     
Module controlanddisplayIP_v1_0_S00_AXI 
Detailed RTL Component Info : 
+---Registers : 
	               32 Bit    Registers := 4     
	                4 Bit    Registers := 2     
	                2 Bit    Registers := 2     
	                1 Bit    Registers := 5     
+---Muxes : 
	   2 Input     32 Bit        Muxes := 3     
	   4 Input     32 Bit        Muxes := 4     
	   2 Input      1 Bit        Muxes := 4     
---------------------------------------------------------------------------------
Finished RTL Hierarchical Component Statistics
---------------------------------------------------------------------------------
---------------------------------------------------------------------------------
Start Part Resource Summary
---------------------------------------------------------------------------------
Part Resources:
DSPs: 220 (col length:60)
BRAMs: 280 (col length: RAMB18 60 RAMB36 30)
---------------------------------------------------------------------------------
Finished Part Resource Summary
---------------------------------------------------------------------------------
---------------------------------------------------------------------------------
Start Cross Boundary and Area Optimization
---------------------------------------------------------------------------------
WARNING: [Synth 8-3331] design system_controlanddisplayIP_0_0 has unconnected port s00_axi_awprot[2]
WARNING: [Synth 8-3331] design system_controlanddisplayIP_0_0 has unconnected port s00_axi_awprot[1]
WARNING: [Synth 8-3331] design system_controlanddisplayIP_0_0 has unconnected port s00_axi_awprot[0]
WARNING: [Synth 8-3331] design system_controlanddisplayIP_0_0 has unconnected port s00_axi_arprot[2]
WARNING: [Synth 8-3331] design system_controlanddisplayIP_0_0 has unconnected port s00_axi_arprot[1]
WARNING: [Synth 8-3331] design system_controlanddisplayIP_0_0 has unconnected port s00_axi_arprot[0]
INFO: [Synth 8-3886] merging instance 'inst/controlanddisplayIP_v1_0_S00_AXI_inst/axi_rresp_reg[0]' (FDRE) to 'inst/controlanddisplayIP_v1_0_S00_AXI_inst/axi_rresp_reg[1]'
INFO: [Synth 8-3333] propagating constant 0 across sequential element (\inst/controlanddisplayIP_v1_0_S00_AXI_inst/axi_rresp_reg[1] )
INFO: [Synth 8-3886] merging instance 'inst/controlanddisplayIP_v1_0_S00_AXI_inst/axi_bresp_reg[0]' (FDRE) to 'inst/controlanddisplayIP_v1_0_S00_AXI_inst/axi_bresp_reg[1]'
INFO: [Synth 8-3333] propagating constant 0 across sequential element (\inst/controlanddisplayIP_v1_0_S00_AXI_inst/axi_bresp_reg[1] )
INFO: [Synth 8-3332] Sequential element (inst/controlanddisplayIP_v1_0_S00_AXI_inst/axi_bresp_reg[1]) is unused and will be removed from module system_controlanddisplayIP_0_0.
INFO: [Synth 8-3332] Sequential element (inst/controlanddisplayIP_v1_0_S00_AXI_inst/axi_araddr_reg[1]) is unused and will be removed from module system_controlanddisplayIP_0_0.
INFO: [Synth 8-3332] Sequential element (inst/controlanddisplayIP_v1_0_S00_AXI_inst/axi_araddr_reg[0]) is unused and will be removed from module system_controlanddisplayIP_0_0.
INFO: [Synth 8-3332] Sequential element (inst/controlanddisplayIP_v1_0_S00_AXI_inst/axi_awaddr_reg[1]) is unused and will be removed from module system_controlanddisplayIP_0_0.
INFO: [Synth 8-3332] Sequential element (inst/controlanddisplayIP_v1_0_S00_AXI_inst/axi_awaddr_reg[0]) is unused and will be removed from module system_controlanddisplayIP_0_0.
INFO: [Synth 8-3332] Sequential element (inst/controlanddisplayIP_v1_0_S00_AXI_inst/axi_rresp_reg[1]) is unused and will be removed from module system_controlanddisplayIP_0_0.
INFO: [Synth 8-3332] Sequential element (inst/controlanddisplayIP_v1_0_S00_AXI_inst/slv_reg0_reg[31]) is unused and will be removed from module system_controlanddisplayIP_0_0.
INFO: [Synth 8-3332] Sequential element (inst/controlanddisplayIP_v1_0_S00_AXI_inst/slv_reg0_reg[30]) is unused and will be removed from module system_controlanddisplayIP_0_0.
INFO: [Synth 8-3332] Sequential element (inst/controlanddisplayIP_v1_0_S00_AXI_inst/slv_reg0_reg[29]) is unused and will be removed from module system_controlanddisplayIP_0_0.
INFO: [Synth 8-3332] Sequential element (inst/controlanddisplayIP_v1_0_S00_AXI_inst/slv_reg0_reg[28]) is unused and will be removed from module system_controlanddisplayIP_0_0.
INFO: [Synth 8-3332] Sequential element (inst/controlanddisplayIP_v1_0_S00_AXI_inst/slv_reg0_reg[27]) is unused and will be removed from module system_controlanddisplayIP_0_0.
INFO: [Synth 8-3332] Sequential element (inst/controlanddisplayIP_v1_0_S00_AXI_inst/slv_reg0_reg[26]) is unused and will be removed from module system_controlanddisplayIP_0_0.
INFO: [Synth 8-3332] Sequential element (inst/controlanddisplayIP_v1_0_S00_AXI_inst/slv_reg0_reg[25]) is unused and will be removed from module system_controlanddisplayIP_0_0.
INFO: [Synth 8-3332] Sequential element (inst/controlanddisplayIP_v1_0_S00_AXI_inst/slv_reg0_reg[24]) is unused and will be removed from module system_controlanddisplayIP_0_0.
INFO: [Synth 8-3332] Sequential element (inst/controlanddisplayIP_v1_0_S00_AXI_inst/slv_reg0_reg[23]) is unused and will be removed from module system_controlanddisplayIP_0_0.
INFO: [Synth 8-3332] Sequential element (inst/controlanddisplayIP_v1_0_S00_AXI_inst/slv_reg0_reg[22]) is unused and will be removed from module system_controlanddisplayIP_0_0.
INFO: [Synth 8-3332] Sequential element (inst/controlanddisplayIP_v1_0_S00_AXI_inst/slv_reg0_reg[21]) is unused and will be removed from module system_controlanddisplayIP_0_0.
INFO: [Synth 8-3332] Sequential element (inst/controlanddisplayIP_v1_0_S00_AXI_inst/slv_reg0_reg[20]) is unused and will be removed from module system_controlanddisplayIP_0_0.
INFO: [Synth 8-3332] Sequential element (inst/controlanddisplayIP_v1_0_S00_AXI_inst/slv_reg0_reg[19]) is unused and will be removed from module system_controlanddisplayIP_0_0.
INFO: [Synth 8-3332] Sequential element (inst/controlanddisplayIP_v1_0_S00_AXI_inst/slv_reg0_reg[18]) is unused and will be removed from module system_controlanddisplayIP_0_0.
INFO: [Synth 8-3332] Sequential element (inst/controlanddisplayIP_v1_0_S00_AXI_inst/slv_reg0_reg[17]) is unused and will be removed from module system_controlanddisplayIP_0_0.
INFO: [Synth 8-3332] Sequential element (inst/controlanddisplayIP_v1_0_S00_AXI_inst/slv_reg0_reg[16]) is unused and will be removed from module system_controlanddisplayIP_0_0.
INFO: [Synth 8-3332] Sequential element (inst/controlanddisplayIP_v1_0_S00_AXI_inst/slv_reg0_reg[15]) is unused and will be removed from module system_controlanddisplayIP_0_0.
INFO: [Synth 8-3332] Sequential element (inst/controlanddisplayIP_v1_0_S00_AXI_inst/slv_reg0_reg[14]) is unused and will be removed from module system_controlanddisplayIP_0_0.
INFO: [Synth 8-3332] Sequential element (inst/controlanddisplayIP_v1_0_S00_AXI_inst/slv_reg0_reg[13]) is unused and will be removed from module system_controlanddisplayIP_0_0.
INFO: [Synth 8-3332] Sequential element (inst/controlanddisplayIP_v1_0_S00_AXI_inst/slv_reg0_reg[12]) is unused and will be removed from module system_controlanddisplayIP_0_0.
INFO: [Synth 8-3332] Sequential element (inst/controlanddisplayIP_v1_0_S00_AXI_inst/slv_reg0_reg[11]) is unused and will be removed from module system_controlanddisplayIP_0_0.
INFO: [Synth 8-3332] Sequential element (inst/controlanddisplayIP_v1_0_S00_AXI_inst/slv_reg0_reg[10]) is unused and will be removed from module system_controlanddisplayIP_0_0.
INFO: [Synth 8-3332] Sequential element (inst/controlanddisplayIP_v1_0_S00_AXI_inst/slv_reg0_reg[9]) is unused and will be removed from module system_controlanddisplayIP_0_0.
INFO: [Synth 8-3332] Sequential element (inst/controlanddisplayIP_v1_0_S00_AXI_inst/slv_reg0_reg[8]) is unused and will be removed from module system_controlanddisplayIP_0_0.
---------------------------------------------------------------------------------
Finished Cross Boundary and Area Optimization : Time (s): cpu = 00:00:13 ; elapsed = 00:00:23 . Memory (MB): peak = 687.824 ; gain = 477.504
---------------------------------------------------------------------------------

Report RTL Partitions: 
+-+--------------+------------+----------+
| |RTL Partition |Replication |Instances |
+-+--------------+------------+----------+
+-+--------------+------------+----------+
---------------------------------------------------------------------------------
Start Timing Optimization
---------------------------------------------------------------------------------
---------------------------------------------------------------------------------
Start Applying XDC Timing Constraints
---------------------------------------------------------------------------------
---------------------------------------------------------------------------------
Finished Applying XDC Timing Constraints : Time (s): cpu = 00:00:20 ; elapsed = 00:00:30 . Memory (MB): peak = 687.824 ; gain = 477.504
---------------------------------------------------------------------------------
---------------------------------------------------------------------------------
Finished Timing Optimization : Time (s): cpu = 00:00:20 ; elapsed = 00:00:30 . Memory (MB): peak = 687.824 ; gain = 477.504
---------------------------------------------------------------------------------

Report RTL Partitions: 
+-+--------------+------------+----------+
| |RTL Partition |Replication |Instances |
+-+--------------+------------+----------+
+-+--------------+------------+----------+
---------------------------------------------------------------------------------
Start Technology Mapping
---------------------------------------------------------------------------------
---------------------------------------------------------------------------------
Finished Technology Mapping : Time (s): cpu = 00:00:20 ; elapsed = 00:00:30 . Memory (MB): peak = 687.824 ; gain = 477.504
---------------------------------------------------------------------------------

Report RTL Partitions: 
+-+--------------+------------+----------+
| |RTL Partition |Replication |Instances |
+-+--------------+------------+----------+
+-+--------------+------------+----------+
---------------------------------------------------------------------------------
Start IO Insertion
---------------------------------------------------------------------------------
---------------------------------------------------------------------------------
Start Flattening Before IO Insertion
---------------------------------------------------------------------------------
---------------------------------------------------------------------------------
Finished Flattening Before IO Insertion
---------------------------------------------------------------------------------
---------------------------------------------------------------------------------
Start Final Netlist Cleanup
---------------------------------------------------------------------------------
---------------------------------------------------------------------------------
Finished Final Netlist Cleanup
---------------------------------------------------------------------------------
---------------------------------------------------------------------------------
Finished IO Insertion : Time (s): cpu = 00:00:20 ; elapsed = 00:00:30 . Memory (MB): peak = 687.824 ; gain = 477.504
---------------------------------------------------------------------------------

Report Check Netlist: 
+------+------------------+-------+---------+-------+------------------+
|      |Item              |Errors |Warnings |Status |Description       |
+------+------------------+-------+---------+-------+------------------+
|1     |multi_driven_nets |      0|        0|Passed |Multi driven nets |
+------+------------------+-------+---------+-------+------------------+
---------------------------------------------------------------------------------
Start Renaming Generated Instances
---------------------------------------------------------------------------------
---------------------------------------------------------------------------------
Finished Renaming Generated Instances : Time (s): cpu = 00:00:20 ; elapsed = 00:00:30 . Memory (MB): peak = 687.824 ; gain = 477.504
---------------------------------------------------------------------------------

Report RTL Partitions: 
+-+--------------+------------+----------+
| |RTL Partition |Replication |Instances |
+-+--------------+------------+----------+
+-+--------------+------------+----------+
---------------------------------------------------------------------------------
Start Rebuilding User Hierarchy
---------------------------------------------------------------------------------
---------------------------------------------------------------------------------
Finished Rebuilding User Hierarchy : Time (s): cpu = 00:00:20 ; elapsed = 00:00:30 . Memory (MB): peak = 687.824 ; gain = 477.504
---------------------------------------------------------------------------------
---------------------------------------------------------------------------------
Start Renaming Generated Ports
---------------------------------------------------------------------------------
---------------------------------------------------------------------------------
Finished Renaming Generated Ports : Time (s): cpu = 00:00:20 ; elapsed = 00:00:30 . Memory (MB): peak = 687.824 ; gain = 477.504
---------------------------------------------------------------------------------
---------------------------------------------------------------------------------
Start Handling Custom Attributes
---------------------------------------------------------------------------------
---------------------------------------------------------------------------------
Finished Handling Custom Attributes : Time (s): cpu = 00:00:20 ; elapsed = 00:00:31 . Memory (MB): peak = 687.824 ; gain = 477.504
---------------------------------------------------------------------------------
---------------------------------------------------------------------------------
Start Renaming Generated Nets
---------------------------------------------------------------------------------
---------------------------------------------------------------------------------
Finished Renaming Generated Nets : Time (s): cpu = 00:00:20 ; elapsed = 00:00:31 . Memory (MB): peak = 687.824 ; gain = 477.504
---------------------------------------------------------------------------------
---------------------------------------------------------------------------------
Start Writing Synthesis Report
---------------------------------------------------------------------------------

Report BlackBoxes: 
+-+--------------+----------+
| |BlackBox name |Instances |
+-+--------------+----------+
+-+--------------+----------+

Report Cell Usage: 
+------+-----+------+
|      |Cell |Count |
+------+-----+------+
|1     |LUT1 |     1|
|2     |LUT2 |     1|
|3     |LUT3 |     3|
|4     |LUT4 |    37|
|5     |LUT5 |     3|
|6     |LUT6 |     8|
|7     |FDRE |   128|
+------+-----+------+

Report Instance Areas: 
+------+------------------------------------------+---------------------------------+------+
|      |Instance                                  |Module                           |Cells |
+------+------------------------------------------+---------------------------------+------+
|1     |top                                       |                                 |   181|
|2     |  inst                                    |controlanddisplayIP_v1_0         |   181|
|3     |    controlanddisplayIP_v1_0_S00_AXI_inst |controlanddisplayIP_v1_0_S00_AXI |   181|
|4     |      GPIO                                |Controller                       |    16|
+------+------------------------------------------+---------------------------------+------+
---------------------------------------------------------------------------------
Finished Writing Synthesis Report : Time (s): cpu = 00:00:20 ; elapsed = 00:00:31 . Memory (MB): peak = 687.824 ; gain = 477.504
---------------------------------------------------------------------------------
Synthesis finished with 0 errors, 0 critical warnings and 6 warnings.
Synthesis Optimization Runtime : Time (s): cpu = 00:00:10 ; elapsed = 00:00:13 . Memory (MB): peak = 687.824 ; gain = 112.793
Synthesis Optimization Complete : Time (s): cpu = 00:00:20 ; elapsed = 00:00:31 . Memory (MB): peak = 687.824 ; gain = 477.504
INFO: [Project 1-571] Translating synthesized netlist
INFO: [Project 1-570] Preparing netlist for logic optimization
INFO: [Opt 31-138] Pushed 0 inverter(s) to 0 load pin(s).
INFO: [Project 1-111] Unisim Transformation Summary:
No Unisim elements were transformed.

INFO: [Common 17-83] Releasing license: Synthesis
53 Infos, 14 Warnings, 0 Critical Warnings and 0 Errors encountered.
synth_design completed successfully
synth_design: Time (s): cpu = 00:00:18 ; elapsed = 00:00:27 . Memory (MB): peak = 687.824 ; gain = 424.992
INFO: [Common 17-1381] The checkpoint 'E:/M10702114/ntust_HSCodesign_et5342701/fpga/barrage_game/barrage_game.runs/system_controlanddisplayIP_0_0_synth_1/system_controlanddisplayIP_0_0.dcp' has been generated.
